d:\ashenoneproject\raytracing\raytracing\raytracinginoneweekend\debug\vc142.pdb
d:\ashenoneproject\raytracing\raytracing\raytracinginoneweekend\debug\vc142.idb
d:\ashenoneproject\raytracing\raytracing\raytracinginoneweekend\debug\glad.obj
d:\ashenoneproject\raytracing\raytracing\raytracinginoneweekend\debug\vec3.obj
d:\ashenoneproject\raytracing\raytracing\raytracinginoneweekend\debug\sphere.obj
d:\ashenoneproject\raytracing\raytracing\raytracinginoneweekend\debug\ray.obj
d:\ashenoneproject\raytracing\raytracing\raytracinginoneweekend\debug\movesphere.obj
d:\ashenoneproject\raytracing\raytracing\raytracinginoneweekend\debug\metal.obj
d:\ashenoneproject\raytracing\raytracing\raytracinginoneweekend\debug\mathtest.obj
d:\ashenoneproject\raytracing\raytracing\raytracinginoneweekend\debug\material.obj
d:\ashenoneproject\raytracing\raytracing\raytracinginoneweekend\debug\main.obj
d:\ashenoneproject\raytracing\raytracing\raytracinginoneweekend\debug\logger.obj
d:\ashenoneproject\raytracing\raytracing\raytracinginoneweekend\debug\lambertian.obj
d:\ashenoneproject\raytracing\raytracing\raytracinginoneweekend\debug\hittablelist.obj
d:\ashenoneproject\raytracing\raytracing\raytracinginoneweekend\debug\hittable.obj
d:\ashenoneproject\raytracing\raytracing\raytracinginoneweekend\debug\gluttest.obj
d:\ashenoneproject\raytracing\raytracing\raytracinginoneweekend\debug\gltest.obj
d:\ashenoneproject\raytracing\raytracing\raytracinginoneweekend\debug\getimage.obj
d:\ashenoneproject\raytracing\raytracing\raytracinginoneweekend\debug\dielectric.obj
d:\ashenoneproject\raytracing\raytracing\raytracinginoneweekend\debug\camear.obj
d:\ashenoneproject\raytracing\raytracing\raytracinginoneweekend\debug\aabb.obj
d:\ashenoneproject\raytracing\raytracing\raytracinginoneweekend\debug\bvhnode.obj
d:\ashenoneproject\raytracing\raytracing\debug\raytracinginoneweekend.exe
d:\ashenoneproject\raytracing\raytracing\raytracinginoneweekend\debug\raytracinginoneweekend.ilk
d:\ashenoneproject\raytracing\raytracing\debug\raytracinginoneweekend.pdb
d:\ashenoneproject\raytracing\raytracing\raytracinginoneweekend\debug\raytraci.a7540548.tlog\cl.command.1.tlog
d:\ashenoneproject\raytracing\raytracing\raytracinginoneweekend\debug\raytraci.a7540548.tlog\cl.read.1.tlog
d:\ashenoneproject\raytracing\raytracing\raytracinginoneweekend\debug\raytraci.a7540548.tlog\cl.write.1.tlog
d:\ashenoneproject\raytracing\raytracing\raytracinginoneweekend\debug\raytraci.a7540548.tlog\link.command.1.tlog
d:\ashenoneproject\raytracing\raytracing\raytracinginoneweekend\debug\raytraci.a7540548.tlog\link.read.1.tlog
d:\ashenoneproject\raytracing\raytracing\raytracinginoneweekend\debug\raytraci.a7540548.tlog\link.write.1.tlog
